0 info it worked if it ends with ok
1 verbose cli [ '/usr/local/Cellar/node/6.2.1/bin/node',
1 verbose cli   '/usr/local/bin/npm',
1 verbose cli   'install',
1 verbose cli   'angular-ui',
1 verbose cli   'router',
1 verbose cli   '--save' ]
2 info using npm@3.9.3
3 info using node@v6.2.1
4 silly loadCurrentTree Starting
5 silly install loadCurrentTree
6 silly install readLocalPackageData
7 silly fetchPackageMetaData angular-ui
8 silly fetchPackageMetaData router
9 silly fetchNamedPackageData angular-ui
10 silly mapToRegistry name angular-ui
11 silly mapToRegistry using default registry
12 silly mapToRegistry registry https://registry.npmjs.org/
13 silly mapToRegistry data Result {
13 silly mapToRegistry   raw: 'angular-ui',
13 silly mapToRegistry   scope: null,
13 silly mapToRegistry   name: 'angular-ui',
13 silly mapToRegistry   rawSpec: '',
13 silly mapToRegistry   spec: 'latest',
13 silly mapToRegistry   type: 'tag' }
14 silly mapToRegistry uri https://registry.npmjs.org/angular-ui
15 silly fetchNamedPackageData router
16 silly mapToRegistry name router
17 silly mapToRegistry using default registry
18 silly mapToRegistry registry https://registry.npmjs.org/
19 silly mapToRegistry data Result {
19 silly mapToRegistry   raw: 'router',
19 silly mapToRegistry   scope: null,
19 silly mapToRegistry   name: 'router',
19 silly mapToRegistry   rawSpec: '',
19 silly mapToRegistry   spec: 'latest',
19 silly mapToRegistry   type: 'tag' }
20 silly mapToRegistry uri https://registry.npmjs.org/router
21 verbose request uri https://registry.npmjs.org/angular-ui
22 verbose request no auth needed
23 info attempt registry request try #1 at 1:10:21 PM
24 verbose request id a157d5063ec8dbfb
25 http request GET https://registry.npmjs.org/angular-ui
26 verbose request uri https://registry.npmjs.org/router
27 verbose request no auth needed
28 info attempt registry request try #1 at 1:10:21 PM
29 http request GET https://registry.npmjs.org/router
30 http 200 https://registry.npmjs.org/router
31 verbose headers { server: 'CouchDB/1.6.1 (Erlang OTP/R16B03)',
31 verbose headers   etag: '"87SBMBWWDGKI42BRMGOPXREGT"',
31 verbose headers   'content-type': 'application/json',
31 verbose headers   'content-encoding': 'gzip',
31 verbose headers   'cache-control': 'max-age=300',
31 verbose headers   'content-length': '9151',
31 verbose headers   'accept-ranges': 'bytes',
31 verbose headers   date: 'Mon, 01 Aug 2016 17:10:21 GMT',
31 verbose headers   via: '1.1 varnish',
31 verbose headers   age: '192',
31 verbose headers   connection: 'keep-alive',
31 verbose headers   'x-served-by': 'cache-atl6228-ATL',
31 verbose headers   'x-cache': 'HIT',
31 verbose headers   'x-cache-hits': '1',
31 verbose headers   'x-timer': 'S1470071421.835379,VS0,VE0',
31 verbose headers   vary: 'Accept-Encoding' }
32 silly get cb [ 200,
32 silly get   { server: 'CouchDB/1.6.1 (Erlang OTP/R16B03)',
32 silly get     etag: '"87SBMBWWDGKI42BRMGOPXREGT"',
32 silly get     'content-type': 'application/json',
32 silly get     'content-encoding': 'gzip',
32 silly get     'cache-control': 'max-age=300',
32 silly get     'content-length': '9151',
32 silly get     'accept-ranges': 'bytes',
32 silly get     date: 'Mon, 01 Aug 2016 17:10:21 GMT',
32 silly get     via: '1.1 varnish',
32 silly get     age: '192',
32 silly get     connection: 'keep-alive',
32 silly get     'x-served-by': 'cache-atl6228-ATL',
32 silly get     'x-cache': 'HIT',
32 silly get     'x-cache-hits': '1',
32 silly get     'x-timer': 'S1470071421.835379,VS0,VE0',
32 silly get     vary: 'Accept-Encoding' } ]
33 verbose get saving router to /Users/tdrobinson94/.npm/registry.npmjs.org/router/.cache.json
34 verbose correctMkdir /Users/tdrobinson94/.npm correctMkdir not in flight; initializing
35 http 404 https://registry.npmjs.org/angular-ui
36 verbose headers { 'content-type': 'application/json',
36 verbose headers   'cache-control': 'max-age=0',
36 verbose headers   'content-length': '2',
36 verbose headers   'accept-ranges': 'bytes',
36 verbose headers   date: 'Mon, 01 Aug 2016 17:10:22 GMT',
36 verbose headers   via: '1.1 varnish',
36 verbose headers   age: '0',
36 verbose headers   connection: 'keep-alive',
36 verbose headers   'x-served-by': 'cache-atl6224-ATL',
36 verbose headers   'x-cache': 'MISS',
36 verbose headers   'x-cache-hits': '0',
36 verbose headers   'x-timer': 'S1470071421.840958,VS0,VE218',
36 verbose headers   vary: 'Accept-Encoding' }
37 silly get cb [ 404,
37 silly get   { 'content-type': 'application/json',
37 silly get     'cache-control': 'max-age=0',
37 silly get     'content-length': '2',
37 silly get     'accept-ranges': 'bytes',
37 silly get     date: 'Mon, 01 Aug 2016 17:10:22 GMT',
37 silly get     via: '1.1 varnish',
37 silly get     age: '0',
37 silly get     connection: 'keep-alive',
37 silly get     'x-served-by': 'cache-atl6224-ATL',
37 silly get     'x-cache': 'MISS',
37 silly get     'x-cache-hits': '0',
37 silly get     'x-timer': 'S1470071421.840958,VS0,VE218',
37 silly get     vary: 'Accept-Encoding' } ]
38 silly fetchPackageMetaData Error: Registry returned 404 for GET on https://registry.npmjs.org/angular-ui
38 silly fetchPackageMetaData     at makeError (/usr/local/lib/node_modules/npm/node_modules/npm-registry-client/lib/request.js:264:12)
38 silly fetchPackageMetaData     at CachingRegistryClient.<anonymous> (/usr/local/lib/node_modules/npm/node_modules/npm-registry-client/lib/request.js:242:14)
38 silly fetchPackageMetaData     at Request._callback (/usr/local/lib/node_modules/npm/node_modules/npm-registry-client/lib/request.js:172:14)
38 silly fetchPackageMetaData     at Request.self.callback (/usr/local/lib/node_modules/npm/node_modules/request/request.js:200:22)
38 silly fetchPackageMetaData     at emitTwo (events.js:106:13)
38 silly fetchPackageMetaData     at Request.emit (events.js:191:7)
38 silly fetchPackageMetaData     at Request.<anonymous> (/usr/local/lib/node_modules/npm/node_modules/request/request.js:1067:10)
38 silly fetchPackageMetaData     at emitOne (events.js:101:20)
38 silly fetchPackageMetaData     at Request.emit (events.js:188:7)
38 silly fetchPackageMetaData     at IncomingMessage.<anonymous> (/usr/local/lib/node_modules/npm/node_modules/request/request.js:988:12)
38 silly fetchPackageMetaData  error for angular-ui { Error: Registry returned 404 for GET on https://registry.npmjs.org/angular-ui
38 silly fetchPackageMetaData     at makeError (/usr/local/lib/node_modules/npm/node_modules/npm-registry-client/lib/request.js:264:12)
38 silly fetchPackageMetaData     at CachingRegistryClient.<anonymous> (/usr/local/lib/node_modules/npm/node_modules/npm-registry-client/lib/request.js:242:14)
38 silly fetchPackageMetaData     at Request._callback (/usr/local/lib/node_modules/npm/node_modules/npm-registry-client/lib/request.js:172:14)
38 silly fetchPackageMetaData     at Request.self.callback (/usr/local/lib/node_modules/npm/node_modules/request/request.js:200:22)
38 silly fetchPackageMetaData     at emitTwo (events.js:106:13)
38 silly fetchPackageMetaData     at Request.emit (events.js:191:7)
38 silly fetchPackageMetaData     at Request.<anonymous> (/usr/local/lib/node_modules/npm/node_modules/request/request.js:1067:10)
38 silly fetchPackageMetaData     at emitOne (events.js:101:20)
38 silly fetchPackageMetaData     at Request.emit (events.js:188:7)
38 silly fetchPackageMetaData     at IncomingMessage.<anonymous> (/usr/local/lib/node_modules/npm/node_modules/request/request.js:988:12) pkgid: 'angular-ui', statusCode: 404, code: 'E404' }
39 silly rollbackFailedOptional Starting
40 silly rollbackFailedOptional Finishing
41 silly runTopLevelLifecycles Starting
42 silly runTopLevelLifecycles Finishing
43 silly install printInstalled
44 verbose stack Error: Registry returned 404 for GET on https://registry.npmjs.org/angular-ui
44 verbose stack     at makeError (/usr/local/lib/node_modules/npm/node_modules/npm-registry-client/lib/request.js:264:12)
44 verbose stack     at CachingRegistryClient.<anonymous> (/usr/local/lib/node_modules/npm/node_modules/npm-registry-client/lib/request.js:242:14)
44 verbose stack     at Request._callback (/usr/local/lib/node_modules/npm/node_modules/npm-registry-client/lib/request.js:172:14)
44 verbose stack     at Request.self.callback (/usr/local/lib/node_modules/npm/node_modules/request/request.js:200:22)
44 verbose stack     at emitTwo (events.js:106:13)
44 verbose stack     at Request.emit (events.js:191:7)
44 verbose stack     at Request.<anonymous> (/usr/local/lib/node_modules/npm/node_modules/request/request.js:1067:10)
44 verbose stack     at emitOne (events.js:101:20)
44 verbose stack     at Request.emit (events.js:188:7)
44 verbose stack     at IncomingMessage.<anonymous> (/usr/local/lib/node_modules/npm/node_modules/request/request.js:988:12)
45 verbose statusCode 404
46 verbose pkgid angular-ui
47 verbose cwd /Users/tdrobinson94/Desktop/Iron Yard Projects/imdb-directive-practice
48 error Darwin 15.5.0
49 error argv "/usr/local/Cellar/node/6.2.1/bin/node" "/usr/local/bin/npm" "install" "angular-ui" "router" "--save"
50 error node v6.2.1
51 error npm  v3.9.3
52 error code E404
53 error 404 Registry returned 404 for GET on https://registry.npmjs.org/angular-ui
54 error 404
55 error 404 'angular-ui' is not in the npm registry.
56 error 404 You should bug the author to publish it (or use the name yourself!)
57 error 404 Note that you can also install from a
58 error 404 tarball, folder, http url, or git url.
59 verbose exit [ 1, true ]
